// 重构日志: 1b63cf94
// 重构日志: 920ad641
// 同步 ID: 83c4f6e2 @ Sun Jun 28 10:19:29 UTC 2026
// 同步 ID: e948b0e5 @ Sun Jun 28 14:26:16 UTC 2026
// 同步 ID: 3580ee34 @ Sun Jun 28 16:49:49 UTC 2026
// 同步 ID: 35340203 @ Mon Jun 29 00:18:33 UTC 2026
// 重构日志: cc7fa5a3
// 重构日志: e22a5bd0
// 同步 ID: 9adf6b65 @ Thu Jul  2 05:33:21 UTC 2026
// 同步 ID: 717f18dd @ Thu Jul  2 12:14:27 UTC 2026
// 重构日志: 7a57b126
// 重构日志: 4c5073c6
// 重构日志: 956b059a
// 重构日志: 5659b46b
// 重构日志: 94a880a1
// 重构日志: e975bce5
// 同步 ID: 7b4ebf31 @ Sat Jul  4 16:21:34 UTC 2026
// 重构日志: cce6d499
// 重构日志: e260102b
// 同步 ID: 8f7335ca @ Tue Jul  7 15:24:11 UTC 2026
// 同步 ID: 0dd8d99d @ Tue Jul  7 22:27:07 UTC 2026
// 同步 ID: 12dbe13b @ Wed Jul  8 07:23:45 UTC 2026
// 同步 ID: 45aecc7d @ Wed Jul  8 17:46:51 UTC 2026
// 重构日志: 59a9ed00
// 重构日志: f78b0c5b
// 同步 ID: cf2e669b @ Tue Jul 14 06:24:58 UTC 2026
// 重构日志: 0857dc2e
// 重构日志: b92d550a
// 同步 ID: 96403a5a @ Tue Jul 14 18:29:08 UTC 2026
// 同步 ID: 6d8e5451 @ Wed Jul 15 00:34:30 UTC 2026
